  Timber.cpp
f:\program files (x86)\visual studio stuff\projects\timber\lumberjack\timber\timber\timber.cpp(406): warning C4244: '+=': conversion from 'double' to 'float', possible loss of data
f:\program files (x86)\visual studio stuff\projects\timber\lumberjack\timber\timber\timber.cpp(425): warning C4244: '+=': conversion from 'double' to 'float', possible loss of data
f:\program files (x86)\visual studio stuff\projects\timber\lumberjack\timber\timber\timber.cpp(469): warning C4244: '=': conversion from 'int' to 'float', possible loss of data
f:\program files (x86)\visual studio stuff\projects\timber\lumberjack\timber\timber\timber.cpp(472): warning C4244: 'initializing': conversion from 'int' to 'float', possible loss of data
f:\program files (x86)\visual studio stuff\projects\timber\lumberjack\timber\timber\timber.cpp(492): warning C4244: '=': conversion from 'int' to 'float', possible loss of data
f:\program files (x86)\visual studio stuff\projects\timber\lumberjack\timber\timber\timber.cpp(495): warning C4244: 'initializing': conversion from 'int' to 'float', possible loss of data
f:\program files (x86)\visual studio stuff\projects\timber\lumberjack\timber\timber\timber.cpp(512): warning C4244: '=': conversion from 'int' to 'float', possible loss of data
f:\program files (x86)\visual studio stuff\projects\timber\lumberjack\timber\timber\timber.cpp(515): warning C4244: 'initializing': conversion from 'int' to 'float', possible loss of data
f:\program files (x86)\visual studio stuff\projects\timber\lumberjack\timber\timber\timber.cpp(532): warning C4244: '=': conversion from 'int' to 'float', possible loss of data
f:\program files (x86)\visual studio stuff\projects\timber\lumberjack\timber\timber\timber.cpp(535): warning C4244: 'initializing': conversion from 'int' to 'float', possible loss of data
f:\program files (x86)\visual studio stuff\projects\timber\lumberjack\timber\timber\timber.cpp(555): warning C4244: 'initializing': conversion from 'int' to 'float', possible loss of data
f:\program files (x86)\visual studio stuff\projects\timber\lumberjack\timber\timber\timber.cpp(715): warning C4244: '=': conversion from 'int' to 'float', possible loss of data
f:\program files (x86)\visual studio stuff\projects\timber\lumberjack\timber\timber\timber.cpp(718): warning C4244: 'initializing': conversion from 'int' to 'float', possible loss of data
f:\program files (x86)\visual studio stuff\projects\timber\lumberjack\timber\timber\timber.cpp(738): warning C4244: '=': conversion from 'int' to 'float', possible loss of data
f:\program files (x86)\visual studio stuff\projects\timber\lumberjack\timber\timber\timber.cpp(741): warning C4244: 'initializing': conversion from 'int' to 'float', possible loss of data
f:\program files (x86)\visual studio stuff\projects\timber\lumberjack\timber\timber\timber.cpp(758): warning C4244: '=': conversion from 'int' to 'float', possible loss of data
f:\program files (x86)\visual studio stuff\projects\timber\lumberjack\timber\timber\timber.cpp(761): warning C4244: 'initializing': conversion from 'int' to 'float', possible loss of data
f:\program files (x86)\visual studio stuff\projects\timber\lumberjack\timber\timber\timber.cpp(778): warning C4244: '=': conversion from 'int' to 'float', possible loss of data
f:\program files (x86)\visual studio stuff\projects\timber\lumberjack\timber\timber\timber.cpp(781): warning C4244: 'initializing': conversion from 'int' to 'float', possible loss of data
f:\program files (x86)\visual studio stuff\projects\timber\lumberjack\timber\timber\timber.cpp(806): warning C4244: 'initializing': conversion from 'int' to 'float', possible loss of data
f:\program files (x86)\visual studio stuff\projects\timber\lumberjack\timber\timber\timber.cpp(827): warning C4244: 'initializing': conversion from 'int' to 'float', possible loss of data
  Timber.vcxproj -> F:\Program Files (x86)\Visual Studio Stuff\Projects\Timber\Lumberjack\Timber\Debug\Timber.exe
